<?xml version="1.0" encoding="UTF-8"?>
<testsuite xmlns:xsi="http://www.w3.org/2001/XMLSchema-instance" xsi:noNamespaceSchemaLocation="https://maven.apache.org/surefire/maven-surefire-plugin/xsd/surefire-test-report.xsd" name="com.tweetapp.api.modeltest.userTest" time="0.001" tests="7" errors="0" skipped="0" failures="0">
  <properties>
[...]
</properties>
  <testcase name="getPasswordTest" classname="com.tweetapp.api.modeltest.userTest" time="0"/>
  <testcase name="getFirstNameTest" classname="com.tweetapp.api.modeltest.userTest" time="0"/>
  <testcase name="getUsernameTest" classname="com.tweetapp.api.modeltest.userTest" time="0"/>
  <testcase name="getIdTest" classname="com.tweetapp.api.modeltest.userTest" time="0"/>
  <testcase name="getLastNameTest" classname="com.tweetapp.api.modeltest.userTest" time="0"/>
  <testcase name="getContactNumberTest" classname="com.tweetapp.api.modeltest.userTest" time="0"/>
  <testcase name="getEmailTest" classname="com.tweetapp.api.modeltest.userTest" time="0"/>
</testsuite>